2026-01-30 17:30:57 [INFO] com.example.demo.DemoApplication - Starting DemoApplication using Java 21.0.10 with PID 2212 (D:\myWork\Logistics_Management_System\javaService\demo\target\classes started by Administrator in D:\myWork\Logistics_Management_System\javaService\demo)
2026-01-30 17:30:57 [INFO] com.example.demo.DemoApplication - No active profile set, falling back to 1 default profile: "default"
2026-01-30 17:30:57 [INFO] o.s.boot.tomcat.TomcatWebServer - Tomcat initialized with port 8080 (http)
2026-01-30 17:30:57 [INFO] o.a.catalina.core.StandardService - Starting service [Tomcat]
2026-01-30 17:30:57 [INFO] o.a.catalina.core.StandardEngine - Starting Servlet engine: [Apache Tomcat/11.0.15]
2026-01-30 17:30:57 [INFO] o.s.b.w.c.s.WebApplicationContextInitializer - Root WebApplicationContext: initialization completed in 466 ms
2026-01-30 17:30:58 [INFO] o.s.boot.tomcat.TomcatWebServer - Tomcat started on port 8080 (http) with context path '/'
2026-01-30 17:30:58 [INFO] com.example.demo.DemoApplication - Started DemoApplication in 1.092 seconds (process running for 1.322)
2026-01-30 17:31:40 [INFO] o.a.c.c.C.[Tomcat].[localhost].[/] - Initializing Spring DispatcherServlet 'dispatcherServlet'
2026-01-30 17:31:40 [INFO] o.s.web.servlet.DispatcherServlet - Initializing Servlet 'dispatcherServlet'
2026-01-30 17:31:40 [INFO] o.s.web.servlet.DispatcherServlet - Completed initialization in 1 ms
2026-01-30 17:31:40 [INFO] c.example.demo.service.AMapService - 路线规划: 北京市朝阳区望京SOHO -> 上海市浦东新区陆家嘴
2026-01-30 17:31:40 [INFO] c.example.demo.service.AMapService - 规划完成，返回 4 条路线
2026-01-30 17:39:02 [INFO] com.example.demo.DemoApplication - Starting DemoApplication using Java 21.0.10 with PID 5324 (D:\myWork\Logistics_Management_System\javaService\demo\target\classes started by Administrator in D:\myWork\Logistics_Management_System\javaService\demo)
2026-01-30 17:39:02 [INFO] com.example.demo.DemoApplication - No active profile set, falling back to 1 default profile: "default"
2026-01-30 17:39:02 [INFO] o.s.boot.tomcat.TomcatWebServer - Tomcat initialized with port 8080 (http)
2026-01-30 17:39:02 [INFO] o.a.catalina.core.StandardService - Starting service [Tomcat]
2026-01-30 17:39:02 [INFO] o.a.catalina.core.StandardEngine - Starting Servlet engine: [Apache Tomcat/11.0.15]
2026-01-30 17:39:02 [INFO] o.s.b.w.c.s.WebApplicationContextInitializer - Root WebApplicationContext: initialization completed in 465 ms
2026-01-30 17:39:03 [INFO] o.s.boot.tomcat.TomcatWebServer - Tomcat started on port 8080 (http) with context path '/'
2026-01-30 17:39:03 [INFO] com.example.demo.DemoApplication - Started DemoApplication in 1.074 seconds (process running for 1.304)
2026-01-30 17:39:27 [INFO] o.a.c.c.C.[Tomcat].[localhost].[/] - Initializing Spring DispatcherServlet 'dispatcherServlet'
2026-01-30 17:39:27 [INFO] o.s.web.servlet.DispatcherServlet - Initializing Servlet 'dispatcherServlet'
2026-01-30 17:39:27 [INFO] o.s.web.servlet.DispatcherServlet - Completed initialization in 1 ms
2026-01-30 17:49:40 [INFO] com.example.demo.DemoApplication - Starting DemoApplication using Java 21.0.10 with PID 5948 (D:\myWork\Logistics_Management_System\javaService\demo\target\classes started by Administrator in D:\myWork\Logistics_Management_System\javaService\demo)
2026-01-30 17:49:40 [INFO] com.example.demo.DemoApplication - No active profile set, falling back to 1 default profile: "default"
2026-01-30 17:49:41 [INFO] o.s.boot.tomcat.TomcatWebServer - Tomcat initialized with port 8080 (http)
2026-01-30 17:49:41 [INFO] o.a.catalina.core.StandardService - Starting service [Tomcat]
2026-01-30 17:49:41 [INFO] o.a.catalina.core.StandardEngine - Starting Servlet engine: [Apache Tomcat/11.0.15]
2026-01-30 17:49:41 [INFO] o.s.b.w.c.s.WebApplicationContextInitializer - Root WebApplicationContext: initialization completed in 471 ms
2026-01-30 17:49:41 [INFO] c.example.demo.service.OrderService - 订单服务初始化完成，已加载 0 条订单
2026-01-30 17:49:41 [INFO] o.s.boot.tomcat.TomcatWebServer - Tomcat started on port 8080 (http) with context path '/'
2026-01-30 17:49:41 [INFO] com.example.demo.DemoApplication - Started DemoApplication in 1.094 seconds (process running for 1.329)
2026-01-30 17:50:06 [INFO] o.a.c.c.C.[Tomcat].[localhost].[/] - Initializing Spring DispatcherServlet 'dispatcherServlet'
2026-01-30 17:50:06 [INFO] o.s.web.servlet.DispatcherServlet - Initializing Servlet 'dispatcherServlet'
2026-01-30 17:50:06 [INFO] o.s.web.servlet.DispatcherServlet - Completed initialization in 1 ms
2026-01-30 17:50:12 [INFO] c.example.demo.service.AMapService - 路线规划: 北京市朝阳区望京SOHO -> 上海市浦东新区陆家嘴
2026-01-30 17:50:12 [INFO] c.example.demo.service.AMapService - 规划完成，返回 4 条路线
2026-01-30 17:50:15 [INFO] c.example.demo.service.OrderService - 创建订单: ORD202601309618
2026-01-30 17:50:29 [INFO] c.example.demo.service.AMapService - 路线规划: 北京市朝阳区望京SOHO -> 上海市浦东新区陆家嘴
2026-01-30 17:50:29 [INFO] c.example.demo.service.AMapService - 规划完成，返回 4 条路线
2026-01-30 17:50:39 [INFO] c.example.demo.service.AMapService - 路线规划: 北京市朝阳区望京SOHO -> 四川省成都市武侯区桂溪街道天府大道北段辅路成都SKP
2026-01-30 17:50:39 [INFO] c.example.demo.service.AMapService - 规划完成，返回 4 条路线
2026-01-30 17:51:06 [INFO] c.example.demo.service.AMapService - 路线规划: 资阳北站 -> 四川省成都市武侯区桂溪街道天府大道北段辅路成都SKP
2026-01-30 17:51:07 [INFO] c.example.demo.service.AMapService - 规划完成，返回 1 条路线
2026-01-30 17:51:17 [INFO] c.example.demo.service.OrderService - 创建订单: ORD202601302981
2026-01-30 17:53:47 [INFO] com.example.demo.DemoApplication - Starting DemoApplication using Java 21.0.10 with PID 14136 (D:\myWork\Logistics_Management_System\javaService\demo\target\classes started by Administrator in D:\myWork\Logistics_Management_System\javaService\demo)
2026-01-30 17:53:47 [INFO] com.example.demo.DemoApplication - No active profile set, falling back to 1 default profile: "default"
2026-01-30 17:53:48 [INFO] o.s.boot.tomcat.TomcatWebServer - Tomcat initialized with port 8080 (http)
2026-01-30 17:53:48 [INFO] o.a.catalina.core.StandardService - Starting service [Tomcat]
2026-01-30 17:53:48 [INFO] o.a.catalina.core.StandardEngine - Starting Servlet engine: [Apache Tomcat/11.0.15]
2026-01-30 17:53:48 [INFO] o.s.b.w.c.s.WebApplicationContextInitializer - Root WebApplicationContext: initialization completed in 476 ms
2026-01-30 17:53:48 [INFO] c.example.demo.service.OrderService - 订单服务初始化完成，已加载 2 条订单
2026-01-30 17:53:48 [INFO] o.s.boot.tomcat.TomcatWebServer - Tomcat started on port 8080 (http) with context path '/'
2026-01-30 17:53:48 [INFO] com.example.demo.DemoApplication - Started DemoApplication in 1.138 seconds (process running for 1.373)
2026-01-30 17:54:06 [INFO] o.a.c.c.C.[Tomcat].[localhost].[/] - Initializing Spring DispatcherServlet 'dispatcherServlet'
2026-01-30 17:54:06 [INFO] o.s.web.servlet.DispatcherServlet - Initializing Servlet 'dispatcherServlet'
2026-01-30 17:54:06 [INFO] o.s.web.servlet.DispatcherServlet - Completed initialization in 1 ms
2026-01-30 17:54:10 [INFO] c.example.demo.service.OrderService - 删除订单: ORD202601302981
2026-01-30 17:54:12 [INFO] c.example.demo.service.OrderService - 删除订单: ORD202601309618
2026-01-30 17:54:20 [INFO] c.example.demo.service.AMapService - 路线规划: 四川省成都市武侯区桂溪街道天府大道北段辅路成都SKP -> 上海市浦东新区陆家嘴
2026-01-30 17:54:20 [INFO] c.example.demo.service.AMapService - 规划完成，返回 4 条路线
2026-01-30 17:56:00 [INFO] com.example.demo.DemoApplication - Starting DemoApplication using Java 21.0.10 with PID 1944 (D:\myWork\Logistics_Management_System\javaService\demo\target\classes started by Administrator in D:\myWork\Logistics_Management_System\javaService\demo)
2026-01-30 17:56:00 [INFO] com.example.demo.DemoApplication - No active profile set, falling back to 1 default profile: "default"
2026-01-30 17:56:01 [INFO] o.s.boot.tomcat.TomcatWebServer - Tomcat initialized with port 8080 (http)
2026-01-30 17:56:01 [INFO] o.a.catalina.core.StandardService - Starting service [Tomcat]
2026-01-30 17:56:01 [INFO] o.a.catalina.core.StandardEngine - Starting Servlet engine: [Apache Tomcat/11.0.15]
2026-01-30 17:56:01 [INFO] o.s.b.w.c.s.WebApplicationContextInitializer - Root WebApplicationContext: initialization completed in 470 ms
2026-01-30 17:56:01 [INFO] c.example.demo.service.OrderService - 订单服务初始化完成，已加载 0 条订单
2026-01-30 17:56:01 [INFO] o.s.boot.tomcat.TomcatWebServer - Tomcat started on port 8080 (http) with context path '/'
2026-01-30 17:56:01 [INFO] com.example.demo.DemoApplication - Started DemoApplication in 1.124 seconds (process running for 1.348)
2026-01-30 17:56:21 [INFO] o.a.c.c.C.[Tomcat].[localhost].[/] - Initializing Spring DispatcherServlet 'dispatcherServlet'
2026-01-30 17:56:21 [INFO] o.s.web.servlet.DispatcherServlet - Initializing Servlet 'dispatcherServlet'
2026-01-30 17:56:21 [INFO] o.s.web.servlet.DispatcherServlet - Completed initialization in 1 ms
2026-01-30 17:56:21 [INFO] c.example.demo.service.AMapService - 路线规划: 北京市朝阳区望京SOHO -> 上海市浦东新区陆家嘴
2026-01-30 17:56:21 [WARN] c.example.demo.service.AMapService - 地理编码失败，origin=null, dest=null
2026-01-30 17:56:21 [INFO] c.example.demo.service.AMapService - 规划完成，返回 4 条路线
2026-01-30 17:57:47 [INFO] com.example.demo.DemoApplication - Starting DemoApplication using Java 21.0.10 with PID 4236 (D:\myWork\Logistics_Management_System\javaService\demo\target\classes started by Administrator in D:\myWork\Logistics_Management_System\javaService\demo)
2026-01-30 17:57:47 [INFO] com.example.demo.DemoApplication - No active profile set, falling back to 1 default profile: "default"
2026-01-30 17:57:48 [INFO] o.s.boot.tomcat.TomcatWebServer - Tomcat initialized with port 8080 (http)
2026-01-30 17:57:48 [INFO] o.a.catalina.core.StandardService - Starting service [Tomcat]
2026-01-30 17:57:48 [INFO] o.a.catalina.core.StandardEngine - Starting Servlet engine: [Apache Tomcat/11.0.15]
2026-01-30 17:57:48 [INFO] o.s.b.w.c.s.WebApplicationContextInitializer - Root WebApplicationContext: initialization completed in 467 ms
2026-01-30 17:57:48 [INFO] c.example.demo.service.OrderService - 订单服务初始化完成，已加载 0 条订单
2026-01-30 17:57:48 [INFO] o.s.boot.tomcat.TomcatWebServer - Tomcat started on port 8080 (http) with context path '/'
2026-01-30 17:57:48 [INFO] com.example.demo.DemoApplication - Started DemoApplication in 1.14 seconds (process running for 1.365)
2026-01-30 17:58:05 [INFO] o.a.c.c.C.[Tomcat].[localhost].[/] - Initializing Spring DispatcherServlet 'dispatcherServlet'
2026-01-30 17:58:05 [INFO] o.s.web.servlet.DispatcherServlet - Initializing Servlet 'dispatcherServlet'
2026-01-30 17:58:05 [INFO] o.s.web.servlet.DispatcherServlet - Completed initialization in 0 ms
2026-01-30 17:58:05 [INFO] c.example.demo.service.AMapService - 路线规划: 北京市朝阳区望京SOHO -> 上海市浦东新区陆家嘴
2026-01-30 17:58:05 [INFO] c.example.demo.service.AMapService - 收到坐标: originCoord=null, destCoord=null
2026-01-30 17:58:05 [WARN] c.example.demo.service.AMapService - 地理编码失败: address=北京市朝阳区望京SOHO, info=ENGINE_RESPONSE_DATA_ERROR
2026-01-30 17:58:05 [WARN] c.example.demo.service.AMapService - 地理编码失败: address=上海市浦东新区陆家嘴, info=ENGINE_RESPONSE_DATA_ERROR
2026-01-30 17:58:05 [WARN] c.example.demo.service.AMapService - 地理编码失败，origin=null, dest=null
2026-01-30 17:58:05 [INFO] c.example.demo.service.AMapService - 规划完成，返回 4 条路线
